I, [2019-11-25T18:39:27.775817 #12600]  INFO -- default-catalina-box: -----> Creating <default-catalina-box>...
I, [2019-11-25T18:39:29.195604 #12600]  INFO -- default-catalina-box: Bringing machine 'default' up with 'virtualbox' provider...
I, [2019-11-25T18:39:29.358375 #12600]  INFO -- default-catalina-box: ==> default: Importing base box 'catalina-box'...
I, [2019-11-25T18:39:45.918556 #12600]  INFO -- default-catalina-box: [KProgress: 10%[KProgress: 20%[KProgress: 30%[KProgress: 40%[KProgress: 50%[KProgress: 80%[KProgress: 90%[K==> default: Matching MAC address for NAT networking...
I, [2019-11-25T18:39:46.633362 #12600]  INFO -- default-catalina-box: ==> default: Setting the name of the VM: kitchen-vagrant-default-catalina-box-f2d768b3-4586-4b79-b30a-227aafb21fd8
I, [2019-11-25T18:39:46.980392 #12600]  INFO -- default-catalina-box: ==> default: Fixed port collision for 22 => 2222. Now on port 2200.
I, [2019-11-25T18:39:47.030726 #12600]  INFO -- default-catalina-box: ==> default: Clearing any previously set network interfaces...
I, [2019-11-25T18:39:47.103531 #12600]  INFO -- default-catalina-box: ==> default: Preparing network interfaces based on configuration...
I, [2019-11-25T18:39:47.103896 #12600]  INFO -- default-catalina-box:     default: Adapter 1: nat
I, [2019-11-25T18:39:47.158938 #12600]  INFO -- default-catalina-box: ==> default: Forwarding ports...
I, [2019-11-25T18:39:47.239620 #12600]  INFO -- default-catalina-box:     default: 22 (guest) => 2200 (host) (adapter 1)
I, [2019-11-25T18:39:47.404259 #12600]  INFO -- default-catalina-box: ==> default: Running 'pre-boot' VM customizations...
I, [2019-11-25T18:39:47.452951 #12600]  INFO -- default-catalina-box: ==> default: Booting VM...
I, [2019-11-25T18:39:47.685585 #12600]  INFO -- default-catalina-box: ==> default: Waiting for machine to boot. This may take a few minutes...
I, [2019-11-25T18:39:47.995353 #12600]  INFO -- default-catalina-box:     default: SSH address: 127.0.0.1:2200
I, [2019-11-25T18:39:47.995614 #12600]  INFO -- default-catalina-box:     default: SSH username: vagrant
I, [2019-11-25T18:39:47.995906 #12600]  INFO -- default-catalina-box:     default: SSH auth method: private key
I, [2019-11-25T18:40:03.740177 #12600]  INFO -- default-catalina-box:     default: 
I, [2019-11-25T18:40:03.740305 #12600]  INFO -- default-catalina-box:     default: Vagrant insecure key detected. Vagrant will automatically replace
I, [2019-11-25T18:40:03.740388 #12600]  INFO -- default-catalina-box:     default: this with a newly generated keypair for better security.
I, [2019-11-25T18:40:04.132482 #12600]  INFO -- default-catalina-box:     default: 
I, [2019-11-25T18:40:04.132561 #12600]  INFO -- default-catalina-box:     default: Inserting generated public key within guest...
I, [2019-11-25T18:40:04.180464 #12600]  INFO -- default-catalina-box:     default: Removing insecure key from the guest if it's present...
I, [2019-11-25T18:40:04.239767 #12600]  INFO -- default-catalina-box:     default: Key inserted! Disconnecting and reconnecting using new SSH key...
I, [2019-11-25T18:40:04.749505 #12600]  INFO -- default-catalina-box: ==> default: Machine booted and ready!
I, [2019-11-25T18:40:04.750811 #12600]  INFO -- default-catalina-box: ==> default: Checking for guest additions in VM...
I, [2019-11-25T18:40:04.817077 #12600]  INFO -- default-catalina-box: ==> default: Setting hostname...
I, [2019-11-25T18:40:09.392687 #12600]  INFO -- default-catalina-box: ==> default: Machine not provisioned because `--no-provision` is specified.
I, [2019-11-25T18:40:11.836565 #12600]  INFO -- default-catalina-box: [SSH] Established
I, [2019-11-25T18:40:11.836937 #12600]  INFO -- default-catalina-box: Vagrant instance <default-catalina-box> created.
I, [2019-11-25T18:40:11.838487 #12600]  INFO -- default-catalina-box: Finished creating <default-catalina-box> (0m44.06s).
I, [2019-11-25T18:40:11.838641 #12600]  INFO -- default-catalina-box: -----> Converging <default-catalina-box>...
I, [2019-11-25T18:40:11.839956 #12600]  INFO -- default-catalina-box: Preparing files for transfer
I, [2019-11-25T18:40:11.840548 #12600]  INFO -- default-catalina-box: Preparing script
I, [2019-11-25T18:40:11.840820 #12600]  INFO -- default-catalina-box: No provisioner script file specified, skipping
I, [2019-11-25T18:40:11.850402 #12600]  INFO -- default-catalina-box: Transferring files to <default-catalina-box>
I, [2019-11-25T18:40:11.850795 #12600]  INFO -- default-catalina-box: Downloading files from <default-catalina-box>
I, [2019-11-25T18:40:11.851910 #12600]  INFO -- default-catalina-box: Finished converging <default-catalina-box> (0m0.01s).
I, [2019-11-25T18:40:11.852029 #12600]  INFO -- default-catalina-box: -----> Setting up <default-catalina-box>...
I, [2019-11-25T18:40:11.853148 #12600]  INFO -- default-catalina-box: Finished setting up <default-catalina-box> (0m0.00s).
I, [2019-11-25T18:40:11.853270 #12600]  INFO -- default-catalina-box: -----> Verifying <default-catalina-box>...
I, [2019-11-25T18:40:12.027580 #12600]  INFO -- default-catalina-box: Loaded tests from {:path=>".Users.catalina.Downloads.packer_xenial64.vagrant.test.integration.default"} 
I, [2019-11-25T18:40:12.265584 #12600]  INFO -- default-catalina-box: Finished verifying <default-catalina-box> (0m0.41s).
